
[02-Mar-2026 15:25:14 UTC] PHP Warning:  Undefined variable $post in /var/www/html/apex/wp-content/themes/apex-theme/page-insights-webinars.php on line 175
[02-Mar-2026 15:25:14 UTC] PHP Warning:  Attempt to read property "ID" on null in /var/www/html/apex/wp-content/themes/apex-theme/page-insights-webinars.php on line 176
[02-Mar-2026 15:25:14 UTC] PHP Warning:  Attempt to read property "ID" on null in /var/www/html/apex/wp-content/themes/apex-theme/page-insights-webinars.php on line 177
[02-Mar-2026 15:25:14 UTC] PHP Warning:  Attempt to read property "ID" on null in /var/www/html/apex/wp-content/themes/apex-theme/page-insights-webinars.php on line 178
[02-Mar-2026 15:25:14 UTC] PHP Warning:  Attempt to read property "ID" on null in /var/www/html/apex/wp-content/themes/apex-theme/page-insights-webinars.php on line 179
[02-Mar-2026 15:25:14 UTC] PHP Warning:  Attempt to read property "ID" on null in /var/www/html/apex/wp-content/themes/apex-theme/page-insights-webinars.php on line 180
[02-Mar-2026 15:25:14 UTC] PHP Warning:  Attempt to read property "ID" on null in /var/www/html/apex/wp-content/themes/apex-theme/page-insights-webinars.php on line 181
[02-Mar-2026 15:25:14 UTC] PHP Warning:  Attempt to read property "ID" on null in /var/www/html/apex/wp-content/themes/apex-theme/page-insights-webinars.php on line 187
[02-Mar-2026 15:25:14 UTC] PHP Warning:  Attempt to read property "ID" on null in /var/www/html/apex/wp-content/themes/apex-theme/page-insights-webinars.php on line 195
[02-Mar-2026 15:25:14 UTC] PHP Warning:  Attempt to read property "ID" on null in /var/www/html/apex/wp-content/themes/apex-theme/page-insights-webinars.php on line 196
[02-Mar-2026 15:25:14 UTC] PHP Warning:  Attempt to read property "post_title" on null in /var/www/html/apex/wp-content/themes/apex-theme/page-insights-webinars.php on line 217
[02-Mar-2026 15:25:14 UTC] PHP Warning:  Attempt to read property "post_excerpt" on null in /var/www/html/apex/wp-content/themes/apex-theme/page-insights-webinars.php on line 218
[02-Mar-2026 15:25:14 UTC] PHP Warning:  Attempt to read property "post_content" on null in /var/www/html/apex/wp-content/themes/apex-theme/page-insights-webinars.php on line 218
[02-Mar-2026 15:25:14 UTC] PHP Warning:  Undefined variable $post in /var/www/html/apex/wp-content/themes/apex-theme/page-insights-webinars.php on line 175
[02-Mar-2026 15:25:14 UTC] PHP Warning:  Attempt to read property "ID" on null in /var/www/html/apex/wp-content/themes/apex-theme/page-insights-webinars.php on line 176
[02-Mar-2026 15:25:14 UTC] PHP Warning:  Attempt to read property "ID" on null in /var/www/html/apex/wp-content/themes/apex-theme/page-insights-webinars.php on line 177
[02-Mar-2026 15:25:14 UTC] PHP Warning:  Attempt to read property "ID" on null in /var/www/html/apex/wp-content/themes/apex-theme/page-insights-webinars.php on line 178
[02-Mar-2026 15:25:14 UTC] PHP Warning:  Attempt to read property "ID" on null in /var/www/html/apex/wp-content/themes/apex-theme/page-insights-webinars.php on line 179
[02-Mar-2026 15:25:14 UTC] PHP Warning:  Attempt to read property "ID" on null in /var/www/html/apex/wp-content/themes/apex-theme/page-insights-webinars.php on line 180
[02-Mar-2026 15:25:14 UTC] PHP Warning:  Attempt to read property "ID" on null in /var/www/html/apex/wp-content/themes/apex-theme/page-insights-webinars.php on line 181
[02-Mar-2026 15:25:14 UTC] PHP Warning:  Attempt to read property "ID" on null in /var/www/html/apex/wp-content/themes/apex-theme/page-insights-webinars.php on line 187
[02-Mar-2026 15:25:14 UTC] PHP Warning:  Attempt to read property "ID" on null in /var/www/html/apex/wp-content/themes/apex-theme/page-insights-webinars.php on line 195
[02-Mar-2026 15:25:14 UTC] PHP Warning:  Attempt to read property "ID" on null in /var/www/html/apex/wp-content/themes/apex-theme/page-insights-webinars.php on line 196
[02-Mar-2026 15:25:14 UTC] PHP Warning:  Attempt to read property "post_title" on null in /var/www/html/apex/wp-content/themes/apex-theme/page-insights-webinars.php on line 217
[02-Mar-2026 15:25:14 UTC] PHP Warning:  Attempt to read property "post_excerpt" on null in /var/www/html/apex/wp-content/themes/apex-theme/page-insights-webinars.php on line 218
[02-Mar-2026 15:25:14 UTC] PHP Warning:  Attempt to read property "post_content" on null in /var/www/html/apex/wp-content/themes/apex-theme/page-insights-webinars.php on line 218
[02-Mar-2026 15:25:14 UTC] PHP Warning:  Undefined variable $post in /var/www/html/apex/wp-content/themes/apex-theme/page-insights-webinars.php on line 175
[02-Mar-2026 15:25:14 UTC] PHP Warning:  Attempt to read property "ID" on null in /var/www/html/apex/wp-content/themes/apex-theme/page-insights-webinars.php on line 176
[02-Mar-2026 15:25:14 UTC] PHP Warning:  Attempt to read property "ID" on null in /var/www/html/apex/wp-content/themes/apex-theme/page-insights-webinars.php on line 177
[02-Mar-2026 15:25:14 UTC] PHP Warning:  Attempt to read property "ID" on null in /var/www/html/apex/wp-content/themes/apex-theme/page-insights-webinars.php on line 178
[02-Mar-2026 15:25:14 UTC] PHP Warning:  Attempt to read property "ID" on null in /var/www/html/apex/wp-content/themes/apex-theme/page-insights-webinars.php on line 179
[02-Mar-2026 15:25:14 UTC] PHP Warning:  Attempt to read property "ID" on null in /var/www/html/apex/wp-content/themes/apex-theme/page-insights-webinars.php on line 180
[02-Mar-2026 15:25:14 UTC] PHP Warning:  Attempt to read property "ID" on null in /var/www/html/apex/wp-content/themes/apex-theme/page-insights-webinars.php on line 181
[02-Mar-2026 15:25:14 UTC] PHP Warning:  Attempt to read property "ID" on null in /var/www/html/apex/wp-content/themes/apex-theme/page-insights-webinars.php on line 187
[02-Mar-2026 15:25:14 UTC] PHP Warning:  Attempt to read property "ID" on null in /var/www/html/apex/wp-content/themes/apex-theme/page-insights-webinars.php on line 195
[02-Mar-2026 15:25:14 UTC] PHP Warning:  Attempt to read property "post_title" on null in /var/www/html/apex/wp-content/themes/apex-theme/page-insights-webinars.php on line 199
[02-Mar-2026 15:25:14 UTC] PHP Warning:  Attempt to read property "ID" on null in /var/www/html/apex/wp-content/themes/apex-theme/page-insights-webinars.php on line 199
[02-Mar-2026 15:25:14 UTC] PHP Warning:  Attempt to read property "post_title" on null in /var/www/html/apex/wp-content/themes/apex-theme/page-insights-webinars.php on line 217
[02-Mar-2026 15:25:14 UTC] PHP Warning:  Attempt to read property "post_excerpt" on null in /var/www/html/apex/wp-content/themes/apex-theme/page-insights-webinars.php on line 218
[02-Mar-2026 15:25:14 UTC] PHP Warning:  Attempt to read property "post_content" on null in /var/www/html/apex/wp-content/themes/apex-theme/page-insights-webinars.php on line 218
[02-Mar-2026 15:25:21 UTC] PHP Warning:  Undefined variable $post in /var/www/html/apex/wp-content/themes/apex-theme/page-insights-webinars.php on line 175
[02-Mar-2026 15:25:21 UTC] PHP Warning:  Attempt to read property "ID" on null in /var/www/html/apex/wp-content/themes/apex-theme/page-insights-webinars.php on line 176
[02-Mar-2026 15:25:21 UTC] PHP Warning:  Attempt to read property "ID" on null in /var/www/html/apex/wp-content/themes/apex-theme/page-insights-webinars.php on line 177
[02-Mar-2026 15:25:21 UTC] PHP Warning:  Attempt to read property "ID" on null in /var/www/html/apex/wp-content/themes/apex-theme/page-insights-webinars.php on line 178
[02-Mar-2026 15:25:21 UTC] PHP Warning:  Attempt to read property "ID" on null in /var/www/html/apex/wp-content/themes/apex-theme/page-insights-webinars.php on line 179
[02-Mar-2026 15:25:21 UTC] PHP Warning:  Attempt to read property "ID" on null in /var/www/html/apex/wp-content/themes/apex-theme/page-insights-webinars.php on line 180
[02-Mar-2026 15:25:21 UTC] PHP Warning:  Attempt to read property "ID" on null in /var/www/html/apex/wp-content/themes/apex-theme/page-insights-webinars.php on line 181
[02-Mar-2026 15:25:21 UTC] PHP Warning:  Attempt to read property "ID" on null in /var/www/html/apex/wp-content/themes/apex-theme/page-insights-webinars.php on line 187
[02-Mar-2026 15:25:21 UTC] PHP Warning:  Attempt to read property "ID" on null in /var/www/html/apex/wp-content/themes/apex-theme/page-insights-webinars.php on line 195
[02-Mar-2026 15:25:21 UTC] PHP Warning:  Attempt to read property "post_title" on null in /var/www/html/apex/wp-content/themes/apex-theme/page-insights-webinars.php on line 199
[02-Mar-2026 15:25:21 UTC] PHP Warning:  Attempt to read property "ID" on null in /var/www/html/apex/wp-content/themes/apex-theme/page-insights-webinars.php on line 199
[02-Mar-2026 15:25:21 UTC] PHP Warning:  Attempt to read property "post_title" on null in /var/www/html/apex/wp-content/themes/apex-theme/page-insights-webinars.php on line 217
[02-Mar-2026 15:25:21 UTC] PHP Warning:  Attempt to read property "post_excerpt" on null in /var/www/html/apex/wp-content/themes/apex-theme/page-insights-webinars.php on line 218
[02-Mar-2026 15:25:21 UTC] PHP Warning:  Attempt to read property "post_content" on null in /var/www/html/apex/wp-content/themes/apex-theme/page-insights-webinars.php on line 218
[02-Mar-2026 15:25:21 UTC] PHP Warning:  Undefined variable $post in /var/www/html/apex/wp-content/themes/apex-theme/page-insights-webinars.php on line 175
[02-Mar-2026 15:25:21 UTC] PHP Warning:  Attempt to read property "ID" on null in /var/www/html/apex/wp-content/themes/apex-theme/page-insights-webinars.php on line 176
[02-Mar-2026 15:25:21 UTC] PHP Warning:  Attempt to read property "ID" on null in /var/www/html/apex/wp-content/themes/apex-theme/page-insights-webinars.php on line 177
[02-Mar-2026 15:25:21 UTC] PHP Warning:  Attempt to read property "ID" on null in /var/www/html/apex/wp-content/themes/apex-theme/page-insights-webinars.php on line 178
[02-Mar-2026 15:25:21 UTC] PHP Warning:  Attempt to read property "ID" on null in /var/www/html/apex/wp-content/themes/apex-theme/page-insights-webinars.php on line 179
[02-Mar-2026 15:25:21 UTC] PHP Warning:  Attempt to read property "ID" on null in /var/www/html/apex/wp-content/themes/apex-theme/page-insights-webinars.php on line 180
[02-Mar-2026 15:25:21 UTC] PHP Warning:  Attempt to read property "ID" on null in /var/www/html/apex/wp-content/themes/apex-theme/page-insights-webinars.php on line 181
[02-Mar-2026 15:25:21 UTC] PHP Warning:  Attempt to read property "ID" on null in /var/www/html/apex/wp-content/themes/apex-theme/page-insights-webinars.php on line 187
[02-Mar-2026 15:25:21 UTC] PHP Warning:  Attempt to read property "ID" on null in /var/www/html/apex/wp-content/themes/apex-theme/page-insights-webinars.php on line 195
[02-Mar-2026 15:25:21 UTC] PHP Warning:  Attempt to read property "post_title" on null in /var/www/html/apex/wp-content/themes/apex-theme/page-insights-webinars.php on line 199
[02-Mar-2026 15:25:21 UTC] PHP Warning:  Attempt to read property "ID" on null in /var/www/html/apex/wp-content/themes/apex-theme/page-insights-webinars.php on line 199
[02-Mar-2026 15:25:21 UTC] PHP Warning:  Attempt to read property "post_title" on null in /var/www/html/apex/wp-content/themes/apex-theme/page-insights-webinars.php on line 217
[02-Mar-2026 15:25:21 UTC] PHP Warning:  Attempt to read property "post_excerpt" on null in /var/www/html/apex/wp-content/themes/apex-theme/page-insights-webinars.php on line 218
[02-Mar-2026 15:25:21 UTC] PHP Warning:  Attempt to read property "post_content" on null in /var/www/html/apex/wp-content/themes/apex-theme/page-insights-webinars.php on line 218
[02-Mar-2026 15:25:27 UTC] PHP Warning:  Undefined variable $post in /var/www/html/apex/wp-content/themes/apex-theme/page-insights-webinars.php on line 175
[02-Mar-2026 15:25:27 UTC] PHP Warning:  Attempt to read property "ID" on null in /var/www/html/apex/wp-content/themes/apex-theme/page-insights-webinars.php on line 176
[02-Mar-2026 15:25:27 UTC] PHP Warning:  Attempt to read property "ID" on null in /var/www/html/apex/wp-content/themes/apex-theme/page-insights-webinars.php on line 177
[02-Mar-2026 15:25:27 UTC] PHP Warning:  Attempt to read property "ID" on null in /var/www/html/apex/wp-content/themes/apex-theme/page-insights-webinars.php on line 178
[02-Mar-2026 15:25:27 UTC] PHP Warning:  Attempt to read property "ID" on null in /var/www/html/apex/wp-content/themes/apex-theme/page-insights-webinars.php on line 179
[02-Mar-2026 15:25:27 UTC] PHP Warning:  Attempt to read property "ID" on null in /var/www/html/apex/wp-content/themes/apex-theme/page-insights-webinars.php on line 180
[02-Mar-2026 15:25:27 UTC] PHP Warning:  Attempt to read property "ID" on null in /var/www/html/apex/wp-content/themes/apex-theme/page-insights-webinars.php on line 181
[02-Mar-2026 15:25:27 UTC] PHP Warning:  Attempt to read property "ID" on null in /var/www/html/apex/wp-content/themes/apex-theme/page-insights-webinars.php on line 187
[02-Mar-2026 15:25:27 UTC] PHP Warning:  Attempt to read property "ID" on null in /var/www/html/apex/wp-content/themes/apex-theme/page-insights-webinars.php on line 195
[02-Mar-2026 15:25:27 UTC] PHP Warning:  Attempt to read property "ID" on null in /var/www/html/apex/wp-content/themes/apex-theme/page-insights-webinars.php on line 196
[02-Mar-2026 15:25:27 UTC] PHP Warning:  Attempt to read property "post_title" on null in /var/www/html/apex/wp-content/themes/apex-theme/page-insights-webinars.php on line 217
[02-Mar-2026 15:25:27 UTC] PHP Warning:  Attempt to read property "post_excerpt" on null in /var/www/html/apex/wp-content/themes/apex-theme/page-insights-webinars.php on line 218
[02-Mar-2026 15:25:27 UTC] PHP Warning:  Attempt to read property "post_content" on null in /var/www/html/apex/wp-content/themes/apex-theme/page-insights-webinars.php on line 218
[02-Mar-2026 15:25:27 UTC] PHP Warning:  Undefined variable $post in /var/www/html/apex/wp-content/themes/apex-theme/page-insights-webinars.php on line 175
[02-Mar-2026 15:25:27 UTC] PHP Warning:  Attempt to read property "ID" on null in /var/www/html/apex/wp-content/themes/apex-theme/page-insights-webinars.php on line 176
[02-Mar-2026 15:25:27 UTC] PHP Warning:  Attempt to read property "ID" on null in /var/www/html/apex/wp-content/themes/apex-theme/page-insights-webinars.php on line 177
[02-Mar-2026 15:25:27 UTC] PHP Warning:  Attempt to read property "ID" on null in /var/www/html/apex/wp-content/themes/apex-theme/page-insights-webinars.php on line 178
[02-Mar-2026 15:25:27 UTC] PHP Warning:  Attempt to read property "ID" on null in /var/www/html/apex/wp-content/themes/apex-theme/page-insights-webinars.php on line 179
[02-Mar-2026 15:25:27 UTC] PHP Warning:  Attempt to read property "ID" on null in /var/www/html/apex/wp-content/themes/apex-theme/page-insights-webinars.php on line 180
[02-Mar-2026 15:25:27 UTC] PHP Warning:  Attempt to read property "ID" on null in /var/www/html/apex/wp-content/themes/apex-theme/page-insights-webinars.php on line 181
[02-Mar-2026 15:25:27 UTC] PHP Warning:  Attempt to read property "ID" on null in /var/www/html/apex/wp-content/themes/apex-theme/page-insights-webinars.php on line 187
[02-Mar-2026 15:25:27 UTC] PHP Warning:  Attempt to read property "ID" on null in /var/www/html/apex/wp-content/themes/apex-theme/page-insights-webinars.php on line 195
[02-Mar-2026 15:25:27 UTC] PHP Warning:  Attempt to read property "ID" on null in /var/www/html/apex/wp-content/themes/apex-theme/page-insights-webinars.php on line 196
[02-Mar-2026 15:25:27 UTC] PHP Warning:  Attempt to read property "post_title" on null in /var/www/html/apex/wp-content/themes/apex-theme/page-insights-webinars.php on line 217
[02-Mar-2026 15:25:27 UTC] PHP Warning:  Attempt to read property "post_excerpt" on null in /var/www/html/apex/wp-content/themes/apex-theme/page-insights-webinars.php on line 218
[02-Mar-2026 15:25:27 UTC] PHP Warning:  Attempt to read property "post_content" on null in /var/www/html/apex/wp-content/themes/apex-theme/page-insights-webinars.php on line 218
[02-Mar-2026 15:25:27 UTC] PHP Warning:  Undefined variable $post in /var/www/html/apex/wp-content/themes/apex-theme/page-insights-webinars.php on line 175
[02-Mar-2026 15:25:27 UTC] PHP Warning:  Attempt to read property "ID" on null in /var/www/html/apex/wp-content/themes/apex-theme/page-insights-webinars.php on line 176
[02-Mar-2026 15:25:27 UTC] PHP Warning:  Attempt to read property "ID" on null in /var/www/html/apex/wp-content/themes/apex-theme/page-insights-webinars.php on line 177
[02-Mar-2026 15:25:27 UTC] PHP Warning:  Attempt to read property "ID" on null in /var/www/html/apex/wp-content/themes/apex-theme/page-insights-webinars.php on line 178
[02-Mar-2026 15:25:27 UTC] PHP Warning:  Attempt to read property "ID" on null in /var/www/html/apex/wp-content/themes/apex-theme/page-insights-webinars.php on line 179
[02-Mar-2026 15:25:27 UTC] PHP Warning:  Attempt to read property "ID" on null in /var/www/html/apex/wp-content/themes/apex-theme/page-insights-webinars.php on line 180
[02-Mar-2026 15:25:27 UTC] PHP Warning:  Attempt to read property "ID" on null in /var/www/html/apex/wp-content/themes/apex-theme/page-insights-webinars.php on line 181
[02-Mar-2026 15:25:27 UTC] PHP Warning:  Attempt to read property "ID" on null in /var/www/html/apex/wp-content/themes/apex-theme/page-insights-webinars.php on line 187
[02-Mar-2026 15:25:27 UTC] PHP Warning:  Attempt to read property "ID" on null in /var/www/html/apex/wp-content/themes/apex-theme/page-insights-webinars.php on line 195
[02-Mar-2026 15:25:27 UTC] PHP Warning:  Attempt to read property "post_title" on null in /var/www/html/apex/wp-content/themes/apex-theme/page-insights-webinars.php on line 199
[02-Mar-2026 15:25:27 UTC] PHP Warning:  Attempt to read property "ID" on null in /var/www/html/apex/wp-content/themes/apex-theme/page-insights-webinars.php on line 199
[02-Mar-2026 15:25:27 UTC] PHP Warning:  Attempt to read property "post_title" on null in /var/www/html/apex/wp-content/themes/apex-theme/page-insights-webinars.php on line 217
[02-Mar-2026 15:25:27 UTC] PHP Warning:  Attempt to read property "post_excerpt" on null in /var/www/html/apex/wp-content/themes/apex-theme/page-insights-webinars.php on line 218
[02-Mar-2026 15:25:27 UTC] PHP Warning:  Attempt to read property "post_content" on null in /var/www/html/apex/wp-content/themes/apex-theme/page-insights-webinars.php on line 218
[02-Mar-2026 15:31:27 UTC] PHP Warning:  Undefined variable $post in /var/www/html/apex/wp-content/themes/apex-theme/page-insights-webinars.php on line 175
[02-Mar-2026 15:31:27 UTC] PHP Warning:  Attempt to read property "ID" on null in /var/www/html/apex/wp-content/themes/apex-theme/page-insights-webinars.php on line 176
[02-Mar-2026 15:31:27 UTC] PHP Warning:  Attempt to read property "ID" on null in /var/www/html/apex/wp-content/themes/apex-theme/page-insights-webinars.php on line 177
[02-Mar-2026 15:31:27 UTC] PHP Warning:  Attempt to read property "ID" on null in /var/www/html/apex/wp-content/themes/apex-theme/page-insights-webinars.php on line 178
[02-Mar-2026 15:31:27 UTC] PHP Warning:  Attempt to read property "ID" on null in /var/www/html/apex/wp-content/themes/apex-theme/page-insights-webinars.php on line 179
[02-Mar-2026 15:31:27 UTC] PHP Warning:  Attempt to read property "ID" on null in /var/www/html/apex/wp-content/themes/apex-theme/page-insights-webinars.php on line 180
[02-Mar-2026 15:31:27 UTC] PHP Warning:  Attempt to read property "ID" on null in /var/www/html/apex/wp-content/themes/apex-theme/page-insights-webinars.php on line 181
[02-Mar-2026 15:31:27 UTC] PHP Warning:  Attempt to read property "ID" on null in /var/www/html/apex/wp-content/themes/apex-theme/page-insights-webinars.php on line 187
[02-Mar-2026 15:31:27 UTC] PHP Warning:  Attempt to read property "ID" on null in /var/www/html/apex/wp-content/themes/apex-theme/page-insights-webinars.php on line 195
[02-Mar-2026 15:31:27 UTC] PHP Warning:  Attempt to read property "ID" on null in /var/www/html/apex/wp-content/themes/apex-theme/page-insights-webinars.php on line 196
[02-Mar-2026 15:31:27 UTC] PHP Warning:  Attempt to read property "post_title" on null in /var/www/html/apex/wp-content/themes/apex-theme/page-insights-webinars.php on line 217
[02-Mar-2026 15:31:27 UTC] PHP Warning:  Attempt to read property "post_excerpt" on null in /var/www/html/apex/wp-content/themes/apex-theme/page-insights-webinars.php on line 218
[02-Mar-2026 15:31:27 UTC] PHP Warning:  Attempt to read property "post_content" on null in /var/www/html/apex/wp-content/themes/apex-theme/page-insights-webinars.php on line 218
[02-Mar-2026 15:31:27 UTC] PHP Warning:  Undefined variable $post in /var/www/html/apex/wp-content/themes/apex-theme/page-insights-webinars.php on line 175
[02-Mar-2026 15:31:27 UTC] PHP Warning:  Attempt to read property "ID" on null in /var/www/html/apex/wp-content/themes/apex-theme/page-insights-webinars.php on line 176
[02-Mar-2026 15:31:27 UTC] PHP Warning:  Attempt to read property "ID" on null in /var/www/html/apex/wp-content/themes/apex-theme/page-insights-webinars.php on line 177
[02-Mar-2026 15:31:27 UTC] PHP Warning:  Attempt to read property "ID" on null in /var/www/html/apex/wp-content/themes/apex-theme/page-insights-webinars.php on line 178
[02-Mar-2026 15:31:27 UTC] PHP Warning:  Attempt to read property "ID" on null in /var/www/html/apex/wp-content/themes/apex-theme/page-insights-webinars.php on line 179
[02-Mar-2026 15:31:27 UTC] PHP Warning:  Attempt to read property "ID" on null in /var/www/html/apex/wp-content/themes/apex-theme/page-insights-webinars.php on line 180
[02-Mar-2026 15:31:27 UTC] PHP Warning:  Attempt to read property "ID" on null in /var/www/html/apex/wp-content/themes/apex-theme/page-insights-webinars.php on line 181
[02-Mar-2026 15:31:27 UTC] PHP Warning:  Attempt to read property "ID" on null in /var/www/html/apex/wp-content/themes/apex-theme/page-insights-webinars.php on line 187
[02-Mar-2026 15:31:27 UTC] PHP Warning:  Attempt to read property "ID" on null in /var/www/html/apex/wp-content/themes/apex-theme/page-insights-webinars.php on line 195
[02-Mar-2026 15:31:27 UTC] PHP Warning:  Attempt to read property "ID" on null in /var/www/html/apex/wp-content/themes/apex-theme/page-insights-webinars.php on line 196
[02-Mar-2026 15:31:27 UTC] PHP Warning:  Attempt to read property "post_title" on null in /var/www/html/apex/wp-content/themes/apex-theme/page-insights-webinars.php on line 217
[02-Mar-2026 15:31:27 UTC] PHP Warning:  Attempt to read property "post_excerpt" on null in /var/www/html/apex/wp-content/themes/apex-theme/page-insights-webinars.php on line 218
[02-Mar-2026 15:31:27 UTC] PHP Warning:  Attempt to read property "post_content" on null in /var/www/html/apex/wp-content/themes/apex-theme/page-insights-webinars.php on line 218
[02-Mar-2026 15:31:27 UTC] PHP Warning:  Undefined variable $post in /var/www/html/apex/wp-content/themes/apex-theme/page-insights-webinars.php on line 175
[02-Mar-2026 15:31:27 UTC] PHP Warning:  Attempt to read property "ID" on null in /var/www/html/apex/wp-content/themes/apex-theme/page-insights-webinars.php on line 176
[02-Mar-2026 15:31:27 UTC] PHP Warning:  Attempt to read property "ID" on null in /var/www/html/apex/wp-content/themes/apex-theme/page-insights-webinars.php on line 177
[02-Mar-2026 15:31:27 UTC] PHP Warning:  Attempt to read property "ID" on null in /var/www/html/apex/wp-content/themes/apex-theme/page-insights-webinars.php on line 178
[02-Mar-2026 15:31:27 UTC] PHP Warning:  Attempt to read property "ID" on null in /var/www/html/apex/wp-content/themes/apex-theme/page-insights-webinars.php on line 179
[02-Mar-2026 15:31:27 UTC] PHP Warning:  Attempt to read property "ID" on null in /var/www/html/apex/wp-content/themes/apex-theme/page-insights-webinars.php on line 180
[02-Mar-2026 15:31:27 UTC] PHP Warning:  Attempt to read property "ID" on null in /var/www/html/apex/wp-content/themes/apex-theme/page-insights-webinars.php on line 181
[02-Mar-2026 15:31:27 UTC] PHP Warning:  Attempt to read property "ID" on null in /var/www/html/apex/wp-content/themes/apex-theme/page-insights-webinars.php on line 187
[02-Mar-2026 15:31:27 UTC] PHP Warning:  Attempt to read property "ID" on null in /var/www/html/apex/wp-content/themes/apex-theme/page-insights-webinars.php on line 195
[02-Mar-2026 15:31:27 UTC] PHP Warning:  Attempt to read property "post_title" on null in /var/www/html/apex/wp-content/themes/apex-theme/page-insights-webinars.php on line 199
[02-Mar-2026 15:31:27 UTC] PHP Warning:  Attempt to read property "ID" on null in /var/www/html/apex/wp-content/themes/apex-theme/page-insights-webinars.php on line 199
[02-Mar-2026 15:31:27 UTC] PHP Warning:  Attempt to read property "post_title" on null in /var/www/html/apex/wp-content/themes/apex-theme/page-insights-webinars.php on line 217
[02-Mar-2026 15:31:27 UTC] PHP Warning:  Attempt to read property "post_excerpt" on null in /var/www/html/apex/wp-content/themes/apex-theme/page-insights-webinars.php on line 218
[02-Mar-2026 15:31:27 UTC] PHP Warning:  Attempt to read property "post_content" on null in /var/www/html/apex/wp-content/themes/apex-theme/page-insights-webinars.php on line 218
[02-Mar-2026 15:36:05 UTC] PHP Warning:  Undefined variable $post in /var/www/html/apex/wp-content/themes/apex-theme/page-insights-webinars.php on line 175
[02-Mar-2026 15:36:05 UTC] PHP Warning:  Attempt to read property "ID" on null in /var/www/html/apex/wp-content/themes/apex-theme/page-insights-webinars.php on line 176
[02-Mar-2026 15:36:05 UTC] PHP Warning:  Attempt to read property "ID" on null in /var/www/html/apex/wp-content/themes/apex-theme/page-insights-webinars.php on line 177
[02-Mar-2026 15:36:05 UTC] PHP Warning:  Attempt to read property "ID" on null in /var/www/html/apex/wp-content/themes/apex-theme/page-insights-webinars.php on line 178
[02-Mar-2026 15:36:05 UTC] PHP Warning:  Attempt to read property "ID" on null in /var/www/html/apex/wp-content/themes/apex-theme/page-insights-webinars.php on line 179
[02-Mar-2026 15:36:05 UTC] PHP Warning:  Attempt to read property "ID" on null in /var/www/html/apex/wp-content/themes/apex-theme/page-insights-webinars.php on line 180
[02-Mar-2026 15:36:05 UTC] PHP Warning:  Attempt to read property "ID" on null in /var/www/html/apex/wp-content/themes/apex-theme/page-insights-webinars.php on line 181
[02-Mar-2026 15:36:05 UTC] PHP Warning:  Attempt to read property "ID" on null in /var/www/html/apex/wp-content/themes/apex-theme/page-insights-webinars.php on line 187
[02-Mar-2026 15:36:05 UTC] PHP Warning:  Attempt to read property "ID" on null in /var/www/html/apex/wp-content/themes/apex-theme/page-insights-webinars.php on line 195
[02-Mar-2026 15:36:05 UTC] PHP Warning:  Attempt to read property "ID" on null in /var/www/html/apex/wp-content/themes/apex-theme/page-insights-webinars.php on line 196
[02-Mar-2026 15:36:05 UTC] PHP Warning:  Attempt to read property "post_title" on null in /var/www/html/apex/wp-content/themes/apex-theme/page-insights-webinars.php on line 217
[02-Mar-2026 15:36:05 UTC] PHP Warning:  Attempt to read property "post_excerpt" on null in /var/www/html/apex/wp-content/themes/apex-theme/page-insights-webinars.php on line 218
[02-Mar-2026 15:36:05 UTC] PHP Warning:  Attempt to read property "post_content" on null in /var/www/html/apex/wp-content/themes/apex-theme/page-insights-webinars.php on line 218
[02-Mar-2026 15:36:05 UTC] PHP Warning:  Undefined variable $post in /var/www/html/apex/wp-content/themes/apex-theme/page-insights-webinars.php on line 175
[02-Mar-2026 15:36:05 UTC] PHP Warning:  Attempt to read property "ID" on null in /var/www/html/apex/wp-content/themes/apex-theme/page-insights-webinars.php on line 176
[02-Mar-2026 15:36:05 UTC] PHP Warning:  Attempt to read property "ID" on null in /var/www/html/apex/wp-content/themes/apex-theme/page-insights-webinars.php on line 177
[02-Mar-2026 15:36:05 UTC] PHP Warning:  Attempt to read property "ID" on null in /var/www/html/apex/wp-content/themes/apex-theme/page-insights-webinars.php on line 178
[02-Mar-2026 15:36:05 UTC] PHP Warning:  Attempt to read property "ID" on null in /var/www/html/apex/wp-content/themes/apex-theme/page-insights-webinars.php on line 179
[02-Mar-2026 15:36:05 UTC] PHP Warning:  Attempt to read property "ID" on null in /var/www/html/apex/wp-content/themes/apex-theme/page-insights-webinars.php on line 180
[02-Mar-2026 15:36:05 UTC] PHP Warning:  Attempt to read property "ID" on null in /var/www/html/apex/wp-content/themes/apex-theme/page-insights-webinars.php on line 181
[02-Mar-2026 15:36:05 UTC] PHP Warning:  Attempt to read property "ID" on null in /var/www/html/apex/wp-content/themes/apex-theme/page-insights-webinars.php on line 187
[02-Mar-2026 15:36:05 UTC] PHP Warning:  Attempt to read property "ID" on null in /var/www/html/apex/wp-content/themes/apex-theme/page-insights-webinars.php on line 195
[02-Mar-2026 15:36:05 UTC] PHP Warning:  Attempt to read property "ID" on null in /var/www/html/apex/wp-content/themes/apex-theme/page-insights-webinars.php on line 196
[02-Mar-2026 15:36:05 UTC] PHP Warning:  Attempt to read property "post_title" on null in /var/www/html/apex/wp-content/themes/apex-theme/page-insights-webinars.php on line 217
[02-Mar-2026 15:36:05 UTC] PHP Warning:  Attempt to read property "post_excerpt" on null in /var/www/html/apex/wp-content/themes/apex-theme/page-insights-webinars.php on line 218
[02-Mar-2026 15:36:05 UTC] PHP Warning:  Attempt to read property "post_content" on null in /var/www/html/apex/wp-content/themes/apex-theme/page-insights-webinars.php on line 218
[02-Mar-2026 15:36:05 UTC] PHP Warning:  Undefined variable $post in /var/www/html/apex/wp-content/themes/apex-theme/page-insights-webinars.php on line 175
[02-Mar-2026 15:36:05 UTC] PHP Warning:  Attempt to read property "ID" on null in /var/www/html/apex/wp-content/themes/apex-theme/page-insights-webinars.php on line 176
[02-Mar-2026 15:36:05 UTC] PHP Warning:  Attempt to read property "ID" on null in /var/www/html/apex/wp-content/themes/apex-theme/page-insights-webinars.php on line 177
[02-Mar-2026 15:36:05 UTC] PHP Warning:  Attempt to read property "ID" on null in /var/www/html/apex/wp-content/themes/apex-theme/page-insights-webinars.php on line 178
[02-Mar-2026 15:36:05 UTC] PHP Warning:  Attempt to read property "ID" on null in /var/www/html/apex/wp-content/themes/apex-theme/page-insights-webinars.php on line 179
[02-Mar-2026 15:36:05 UTC] PHP Warning:  Attempt to read property "ID" on null in /var/www/html/apex/wp-content/themes/apex-theme/page-insights-webinars.php on line 180
[02-Mar-2026 15:36:05 UTC] PHP Warning:  Attempt to read property "ID" on null in /var/www/html/apex/wp-content/themes/apex-theme/page-insights-webinars.php on line 181
[02-Mar-2026 15:36:05 UTC] PHP Warning:  Attempt to read property "ID" on null in /var/www/html/apex/wp-content/themes/apex-theme/page-insights-webinars.php on line 187
[02-Mar-2026 15:36:05 UTC] PHP Warning:  Attempt to read property "ID" on null in /var/www/html/apex/wp-content/themes/apex-theme/page-insights-webinars.php on line 195
[02-Mar-2026 15:36:05 UTC] PHP Warning:  Attempt to read property "post_title" on null in /var/www/html/apex/wp-content/themes/apex-theme/page-insights-webinars.php on line 199
[02-Mar-2026 15:36:05 UTC] PHP Warning:  Attempt to read property "ID" on null in /var/www/html/apex/wp-content/themes/apex-theme/page-insights-webinars.php on line 199
[02-Mar-2026 15:36:05 UTC] PHP Warning:  Attempt to read property "post_title" on null in /var/www/html/apex/wp-content/themes/apex-theme/page-insights-webinars.php on line 217
[02-Mar-2026 15:36:05 UTC] PHP Warning:  Attempt to read property "post_excerpt" on null in /var/www/html/apex/wp-content/themes/apex-theme/page-insights-webinars.php on line 218
[02-Mar-2026 15:36:05 UTC] PHP Warning:  Attempt to read property "post_content" on null in /var/www/html/apex/wp-content/themes/apex-theme/page-insights-webinars.php on line 218
[02-Mar-2026 15:36:18 UTC] PHP Warning:  Undefined variable $post in /var/www/html/apex/wp-content/themes/apex-theme/page-insights-webinars.php on line 175
[02-Mar-2026 15:36:18 UTC] PHP Warning:  Attempt to read property "ID" on null in /var/www/html/apex/wp-content/themes/apex-theme/page-insights-webinars.php on line 176
[02-Mar-2026 15:36:18 UTC] PHP Warning:  Attempt to read property "ID" on null in /var/www/html/apex/wp-content/themes/apex-theme/page-insights-webinars.php on line 177
[02-Mar-2026 15:36:18 UTC] PHP Warning:  Attempt to read property "ID" on null in /var/www/html/apex/wp-content/themes/apex-theme/page-insights-webinars.php on line 178
[02-Mar-2026 15:36:18 UTC] PHP Warning:  Attempt to read property "ID" on null in /var/www/html/apex/wp-content/themes/apex-theme/page-insights-webinars.php on line 179
[02-Mar-2026 15:36:18 UTC] PHP Warning:  Attempt to read property "ID" on null in /var/www/html/apex/wp-content/themes/apex-theme/page-insights-webinars.php on line 180
[02-Mar-2026 15:36:18 UTC] PHP Warning:  Attempt to read property "ID" on null in /var/www/html/apex/wp-content/themes/apex-theme/page-insights-webinars.php on line 181
[02-Mar-2026 15:36:18 UTC] PHP Warning:  Attempt to read property "ID" on null in /var/www/html/apex/wp-content/themes/apex-theme/page-insights-webinars.php on line 187
[02-Mar-2026 15:36:18 UTC] PHP Warning:  Attempt to read property "ID" on null in /var/www/html/apex/wp-content/themes/apex-theme/page-insights-webinars.php on line 195
[02-Mar-2026 15:36:18 UTC] PHP Warning:  Attempt to read property "ID" on null in /var/www/html/apex/wp-content/themes/apex-theme/page-insights-webinars.php on line 196
[02-Mar-2026 15:36:18 UTC] PHP Warning:  Attempt to read property "post_title" on null in /var/www/html/apex/wp-content/themes/apex-theme/page-insights-webinars.php on line 217
[02-Mar-2026 15:36:18 UTC] PHP Warning:  Attempt to read property "post_excerpt" on null in /var/www/html/apex/wp-content/themes/apex-theme/page-insights-webinars.php on line 218
[02-Mar-2026 15:36:18 UTC] PHP Warning:  Attempt to read property "post_content" on null in /var/www/html/apex/wp-content/themes/apex-theme/page-insights-webinars.php on line 218
[02-Mar-2026 15:36:18 UTC] PHP Warning:  Undefined variable $post in /var/www/html/apex/wp-content/themes/apex-theme/page-insights-webinars.php on line 175
[02-Mar-2026 15:36:18 UTC] PHP Warning:  Attempt to read property "ID" on null in /var/www/html/apex/wp-content/themes/apex-theme/page-insights-webinars.php on line 176
[02-Mar-2026 15:36:18 UTC] PHP Warning:  Attempt to read property "ID" on null in /var/www/html/apex/wp-content/themes/apex-theme/page-insights-webinars.php on line 177
[02-Mar-2026 15:36:18 UTC] PHP Warning:  Attempt to read property "ID" on null in /var/www/html/apex/wp-content/themes/apex-theme/page-insights-webinars.php on line 178
[02-Mar-2026 15:36:18 UTC] PHP Warning:  Attempt to read property "ID" on null in /var/www/html/apex/wp-content/themes/apex-theme/page-insights-webinars.php on line 179
[02-Mar-2026 15:36:18 UTC] PHP Warning:  Attempt to read property "ID" on null in /var/www/html/apex/wp-content/themes/apex-theme/page-insights-webinars.php on line 180
[02-Mar-2026 15:36:18 UTC] PHP Warning:  Attempt to read property "ID" on null in /var/www/html/apex/wp-content/themes/apex-theme/page-insights-webinars.php on line 181
[02-Mar-2026 15:36:18 UTC] PHP Warning:  Attempt to read property "ID" on null in /var/www/html/apex/wp-content/themes/apex-theme/page-insights-webinars.php on line 187
[02-Mar-2026 15:36:18 UTC] PHP Warning:  Attempt to read property "ID" on null in /var/www/html/apex/wp-content/themes/apex-theme/page-insights-webinars.php on line 195
[02-Mar-2026 15:36:18 UTC] PHP Warning:  Attempt to read property "ID" on null in /var/www/html/apex/wp-content/themes/apex-theme/page-insights-webinars.php on line 196
[02-Mar-2026 15:36:18 UTC] PHP Warning:  Attempt to read property "post_title" on null in /var/www/html/apex/wp-content/themes/apex-theme/page-insights-webinars.php on line 217
[02-Mar-2026 15:36:18 UTC] PHP Warning:  Attempt to read property "post_excerpt" on null in /var/www/html/apex/wp-content/themes/apex-theme/page-insights-webinars.php on line 218
[02-Mar-2026 15:36:18 UTC] PHP Warning:  Attempt to read property "post_content" on null in /var/www/html/apex/wp-content/themes/apex-theme/page-insights-webinars.php on line 218
[02-Mar-2026 15:36:18 UTC] PHP Warning:  Undefined variable $post in /var/www/html/apex/wp-content/themes/apex-theme/page-insights-webinars.php on line 175
[02-Mar-2026 15:36:18 UTC] PHP Warning:  Attempt to read property "ID" on null in /var/www/html/apex/wp-content/themes/apex-theme/page-insights-webinars.php on line 176
[02-Mar-2026 15:36:18 UTC] PHP Warning:  Attempt to read property "ID" on null in /var/www/html/apex/wp-content/themes/apex-theme/page-insights-webinars.php on line 177
[02-Mar-2026 15:36:18 UTC] PHP Warning:  Attempt to read property "ID" on null in /var/www/html/apex/wp-content/themes/apex-theme/page-insights-webinars.php on line 178
[02-Mar-2026 15:36:18 UTC] PHP Warning:  Attempt to read property "ID" on null in /var/www/html/apex/wp-content/themes/apex-theme/page-insights-webinars.php on line 179
[02-Mar-2026 15:36:18 UTC] PHP Warning:  Attempt to read property "ID" on null in /var/www/html/apex/wp-content/themes/apex-theme/page-insights-webinars.php on line 180
[02-Mar-2026 15:36:18 UTC] PHP Warning:  Attempt to read property "ID" on null in /var/www/html/apex/wp-content/themes/apex-theme/page-insights-webinars.php on line 181
[02-Mar-2026 15:36:18 UTC] PHP Warning:  Attempt to read property "ID" on null in /var/www/html/apex/wp-content/themes/apex-theme/page-insights-webinars.php on line 187
[02-Mar-2026 15:36:18 UTC] PHP Warning:  Attempt to read property "ID" on null in /var/www/html/apex/wp-content/themes/apex-theme/page-insights-webinars.php on line 195
[02-Mar-2026 15:36:18 UTC] PHP Warning:  Attempt to read property "post_title" on null in /var/www/html/apex/wp-content/themes/apex-theme/page-insights-webinars.php on line 199
[02-Mar-2026 15:36:18 UTC] PHP Warning:  Attempt to read property "ID" on null in /var/www/html/apex/wp-content/themes/apex-theme/page-insights-webinars.php on line 199
[02-Mar-2026 15:36:18 UTC] PHP Warning:  Attempt to read property "post_title" on null in /var/www/html/apex/wp-content/themes/apex-theme/page-insights-webinars.php on line 217
[02-Mar-2026 15:36:18 UTC] PHP Warning:  Attempt to read property "post_excerpt" on null in /var/www/html/apex/wp-content/themes/apex-theme/page-insights-webinars.php on line 218
[02-Mar-2026 15:36:18 UTC] PHP Warning:  Attempt to read property "post_content" on null in /var/www/html/apex/wp-content/themes/apex-theme/page-insights-webinars.php on line 218
[02-Mar-2026 15:41:01 UTC] PHP Warning:  Undefined variable $post in /var/www/html/apex/wp-content/themes/apex-theme/page-insights-webinars.php on line 175
[02-Mar-2026 15:41:01 UTC] PHP Warning:  Attempt to read property "ID" on null in /var/www/html/apex/wp-content/themes/apex-theme/page-insights-webinars.php on line 176
[02-Mar-2026 15:41:01 UTC] PHP Warning:  Attempt to read property "ID" on null in /var/www/html/apex/wp-content/themes/apex-theme/page-insights-webinars.php on line 177
[02-Mar-2026 15:41:01 UTC] PHP Warning:  Attempt to read property "ID" on null in /var/www/html/apex/wp-content/themes/apex-theme/page-insights-webinars.php on line 178
[02-Mar-2026 15:41:01 UTC] PHP Warning:  Attempt to read property "ID" on null in /var/www/html/apex/wp-content/themes/apex-theme/page-insights-webinars.php on line 179
[02-Mar-2026 15:41:01 UTC] PHP Warning:  Attempt to read property "ID" on null in /var/www/html/apex/wp-content/themes/apex-theme/page-insights-webinars.php on line 180
[02-Mar-2026 15:41:01 UTC] PHP Warning:  Attempt to read property "ID" on null in /var/www/html/apex/wp-content/themes/apex-theme/page-insights-webinars.php on line 181
[02-Mar-2026 15:41:01 UTC] PHP Warning:  Attempt to read property "ID" on null in /var/www/html/apex/wp-content/themes/apex-theme/page-insights-webinars.php on line 187
[02-Mar-2026 15:41:01 UTC] PHP Warning:  Attempt to read property "ID" on null in /var/www/html/apex/wp-content/themes/apex-theme/page-insights-webinars.php on line 195
[02-Mar-2026 15:41:01 UTC] PHP Warning:  Attempt to read property "ID" on null in /var/www/html/apex/wp-content/themes/apex-theme/page-insights-webinars.php on line 196
[02-Mar-2026 15:41:01 UTC] PHP Warning:  Attempt to read property "post_title" on null in /var/www/html/apex/wp-content/themes/apex-theme/page-insights-webinars.php on line 217
[02-Mar-2026 15:41:01 UTC] PHP Warning:  Attempt to read property "post_excerpt" on null in /var/www/html/apex/wp-content/themes/apex-theme/page-insights-webinars.php on line 218
[02-Mar-2026 15:41:01 UTC] PHP Warning:  Attempt to read property "post_content" on null in /var/www/html/apex/wp-content/themes/apex-theme/page-insights-webinars.php on line 218
[02-Mar-2026 15:41:01 UTC] PHP Warning:  Undefined variable $post in /var/www/html/apex/wp-content/themes/apex-theme/page-insights-webinars.php on line 175
[02-Mar-2026 15:41:01 UTC] PHP Warning:  Attempt to read property "ID" on null in /var/www/html/apex/wp-content/themes/apex-theme/page-insights-webinars.php on line 176
[02-Mar-2026 15:41:01 UTC] PHP Warning:  Attempt to read property "ID" on null in /var/www/html/apex/wp-content/themes/apex-theme/page-insights-webinars.php on line 177
[02-Mar-2026 15:41:01 UTC] PHP Warning:  Attempt to read property "ID" on null in /var/www/html/apex/wp-content/themes/apex-theme/page-insights-webinars.php on line 178
[02-Mar-2026 15:41:01 UTC] PHP Warning:  Attempt to read property "ID" on null in /var/www/html/apex/wp-content/themes/apex-theme/page-insights-webinars.php on line 179
[02-Mar-2026 15:41:01 UTC] PHP Warning:  Attempt to read property "ID" on null in /var/www/html/apex/wp-content/themes/apex-theme/page-insights-webinars.php on line 180
[02-Mar-2026 15:41:01 UTC] PHP Warning:  Attempt to read property "ID" on null in /var/www/html/apex/wp-content/themes/apex-theme/page-insights-webinars.php on line 181
[02-Mar-2026 15:41:01 UTC] PHP Warning:  Attempt to read property "ID" on null in /var/www/html/apex/wp-content/themes/apex-theme/page-insights-webinars.php on line 187
[02-Mar-2026 15:41:01 UTC] PHP Warning:  Attempt to read property "ID" on null in /var/www/html/apex/wp-content/themes/apex-theme/page-insights-webinars.php on line 195
[02-Mar-2026 15:41:01 UTC] PHP Warning:  Attempt to read property "ID" on null in /var/www/html/apex/wp-content/themes/apex-theme/page-insights-webinars.php on line 196
[02-Mar-2026 15:41:01 UTC] PHP Warning:  Attempt to read property "post_title" on null in /var/www/html/apex/wp-content/themes/apex-theme/page-insights-webinars.php on line 217
[02-Mar-2026 15:41:01 UTC] PHP Warning:  Attempt to read property "post_excerpt" on null in /var/www/html/apex/wp-content/themes/apex-theme/page-insights-webinars.php on line 218
[02-Mar-2026 15:41:01 UTC] PHP Warning:  Attempt to read property "post_content" on null in /var/www/html/apex/wp-content/themes/apex-theme/page-insights-webinars.php on line 218
[02-Mar-2026 15:41:01 UTC] PHP Warning:  Undefined variable $post in /var/www/html/apex/wp-content/themes/apex-theme/page-insights-webinars.php on line 175
[02-Mar-2026 15:41:01 UTC] PHP Warning:  Attempt to read property "ID" on null in /var/www/html/apex/wp-content/themes/apex-theme/page-insights-webinars.php on line 176
[02-Mar-2026 15:41:01 UTC] PHP Warning:  Attempt to read property "ID" on null in /var/www/html/apex/wp-content/themes/apex-theme/page-insights-webinars.php on line 177
[02-Mar-2026 15:41:01 UTC] PHP Warning:  Attempt to read property "ID" on null in /var/www/html/apex/wp-content/themes/apex-theme/page-insights-webinars.php on line 178
[02-Mar-2026 15:41:01 UTC] PHP Warning:  Attempt to read property "ID" on null in /var/www/html/apex/wp-content/themes/apex-theme/page-insights-webinars.php on line 179
[02-Mar-2026 15:41:01 UTC] PHP Warning:  Attempt to read property "ID" on null in /var/www/html/apex/wp-content/themes/apex-theme/page-insights-webinars.php on line 180
[02-Mar-2026 15:41:01 UTC] PHP Warning:  Attempt to read property "ID" on null in /var/www/html/apex/wp-content/themes/apex-theme/page-insights-webinars.php on line 181
[02-Mar-2026 15:41:01 UTC] PHP Warning:  Attempt to read property "ID" on null in /var/www/html/apex/wp-content/themes/apex-theme/page-insights-webinars.php on line 187
[02-Mar-2026 15:41:01 UTC] PHP Warning:  Attempt to read property "ID" on null in /var/www/html/apex/wp-content/themes/apex-theme/page-insights-webinars.php on line 195
[02-Mar-2026 15:41:01 UTC] PHP Warning:  Attempt to read property "post_title" on null in /var/www/html/apex/wp-content/themes/apex-theme/page-insights-webinars.php on line 199
[02-Mar-2026 15:41:01 UTC] PHP Warning:  Attempt to read property "ID" on null in /var/www/html/apex/wp-content/themes/apex-theme/page-insights-webinars.php on line 199
[02-Mar-2026 15:41:01 UTC] PHP Warning:  Attempt to read property "post_title" on null in /var/www/html/apex/wp-content/themes/apex-theme/page-insights-webinars.php on line 217
[02-Mar-2026 15:41:01 UTC] PHP Warning:  Attempt to read property "post_excerpt" on null in /var/www/html/apex/wp-content/themes/apex-theme/page-insights-webinars.php on line 218
[02-Mar-2026 15:41:01 UTC] PHP Warning:  Attempt to read property "post_content" on null in /var/www/html/apex/wp-content/themes/apex-theme/page-insights-webinars.php on line 218
[02-Mar-2026 21:14:56 UTC] PHP Warning:  Undefined array key "REQUEST_METHOD" in /var/www/html/apex/wp-content/themes/apex-theme/functions.php on line 1961
[02-Mar-2026 21:14:56 UTC] PHP Warning:  Undefined array key "REQUEST_METHOD" in /var/www/html/apex/wp-content/themes/apex-theme/functions.php on line 1883
[02-Mar-2026 21:29:56 UTC] Automatic updates starting...
[02-Mar-2026 21:29:58 UTC] Automatic updates complete.
[02-Mar-2026 21:41:36 UTC] Apex Contact Form: Contact page accessed - Method: GET
[02-Mar-2026 21:41:36 UTC] Apex Contact Form: POST data: Array
(
)

[02-Mar-2026 21:46:44 UTC] PHP Warning:  Undefined property: WP_Post_Type::$ID in /var/www/html/apex/wp-includes/class-wp-query.php on line 4579
[02-Mar-2026 21:46:44 UTC] PHP Warning:  Undefined property: WP_Post_Type::$post_title in /var/www/html/apex/wp-includes/class-wp-query.php on line 4581
[02-Mar-2026 21:46:44 UTC] PHP Warning:  Undefined property: WP_Post_Type::$post_name in /var/www/html/apex/wp-includes/class-wp-query.php on line 4583
[02-Mar-2026 21:46:44 UTC] PHP Warning:  Undefined property: WP_Post_Type::$ID in /var/www/html/apex/wp-includes/class-wp-query.php on line 4579
[02-Mar-2026 21:46:44 UTC] PHP Warning:  Undefined property: WP_Post_Type::$post_title in /var/www/html/apex/wp-includes/class-wp-query.php on line 4581
[02-Mar-2026 21:46:44 UTC] PHP Warning:  Undefined property: WP_Post_Type::$post_name in /var/www/html/apex/wp-includes/class-wp-query.php on line 4583
[02-Mar-2026 21:46:44 UTC] PHP Warning:  Undefined property: WP_Post_Type::$ID in /var/www/html/apex/wp-includes/class-wp-query.php on line 4579
[02-Mar-2026 21:46:44 UTC] PHP Warning:  Undefined property: WP_Post_Type::$post_title in /var/www/html/apex/wp-includes/class-wp-query.php on line 4581
[02-Mar-2026 21:46:44 UTC] PHP Warning:  Undefined property: WP_Post_Type::$post_name in /var/www/html/apex/wp-includes/class-wp-query.php on line 4583
[02-Mar-2026 21:51:28 UTC] PHP Warning:  Undefined property: WP_Post_Type::$ID in /var/www/html/apex/wp-includes/class-wp-query.php on line 4579
[02-Mar-2026 21:51:28 UTC] PHP Warning:  Undefined property: WP_Post_Type::$post_title in /var/www/html/apex/wp-includes/class-wp-query.php on line 4581
[02-Mar-2026 21:51:28 UTC] PHP Warning:  Undefined property: WP_Post_Type::$post_name in /var/www/html/apex/wp-includes/class-wp-query.php on line 4583
[02-Mar-2026 21:51:28 UTC] PHP Warning:  Undefined property: WP_Post_Type::$ID in /var/www/html/apex/wp-includes/class-wp-query.php on line 4579
[02-Mar-2026 21:51:28 UTC] PHP Warning:  Undefined property: WP_Post_Type::$post_title in /var/www/html/apex/wp-includes/class-wp-query.php on line 4581
[02-Mar-2026 21:51:28 UTC] PHP Warning:  Undefined property: WP_Post_Type::$post_name in /var/www/html/apex/wp-includes/class-wp-query.php on line 4583
[02-Mar-2026 21:51:28 UTC] PHP Warning:  Undefined property: WP_Post_Type::$ID in /var/www/html/apex/wp-includes/class-wp-query.php on line 4579
[02-Mar-2026 21:51:28 UTC] PHP Warning:  Undefined property: WP_Post_Type::$post_title in /var/www/html/apex/wp-includes/class-wp-query.php on line 4581
[02-Mar-2026 21:51:28 UTC] PHP Warning:  Undefined property: WP_Post_Type::$post_name in /var/www/html/apex/wp-includes/class-wp-query.php on line 4583
[02-Mar-2026 22:05:16 UTC] PHP Warning:  Undefined property: WP_Post_Type::$ID in /var/www/html/apex/wp-includes/class-wp-query.php on line 4579
[02-Mar-2026 22:05:16 UTC] PHP Warning:  Undefined property: WP_Post_Type::$post_title in /var/www/html/apex/wp-includes/class-wp-query.php on line 4581
[02-Mar-2026 22:05:16 UTC] PHP Warning:  Undefined property: WP_Post_Type::$post_name in /var/www/html/apex/wp-includes/class-wp-query.php on line 4583
[02-Mar-2026 22:05:16 UTC] PHP Warning:  Undefined property: WP_Post_Type::$ID in /var/www/html/apex/wp-includes/class-wp-query.php on line 4579
[02-Mar-2026 22:05:16 UTC] PHP Warning:  Undefined property: WP_Post_Type::$post_title in /var/www/html/apex/wp-includes/class-wp-query.php on line 4581
[02-Mar-2026 22:05:16 UTC] PHP Warning:  Undefined property: WP_Post_Type::$post_name in /var/www/html/apex/wp-includes/class-wp-query.php on line 4583
[02-Mar-2026 22:05:16 UTC] PHP Warning:  Undefined property: WP_Post_Type::$ID in /var/www/html/apex/wp-includes/class-wp-query.php on line 4579
[02-Mar-2026 22:05:16 UTC] PHP Warning:  Undefined property: WP_Post_Type::$post_title in /var/www/html/apex/wp-includes/class-wp-query.php on line 4581
[02-Mar-2026 22:05:16 UTC] PHP Warning:  Undefined property: WP_Post_Type::$post_name in /var/www/html/apex/wp-includes/class-wp-query.php on line 4583
[02-Mar-2026 22:05:30 UTC] PHP Warning:  Undefined property: WP_Post_Type::$ID in /var/www/html/apex/wp-includes/class-wp-query.php on line 4579
[02-Mar-2026 22:05:30 UTC] PHP Warning:  Undefined property: WP_Post_Type::$post_title in /var/www/html/apex/wp-includes/class-wp-query.php on line 4581
[02-Mar-2026 22:05:30 UTC] PHP Warning:  Undefined property: WP_Post_Type::$post_name in /var/www/html/apex/wp-includes/class-wp-query.php on line 4583
[02-Mar-2026 22:05:30 UTC] PHP Warning:  Undefined property: WP_Post_Type::$ID in /var/www/html/apex/wp-includes/class-wp-query.php on line 4579
[02-Mar-2026 22:05:30 UTC] PHP Warning:  Undefined property: WP_Post_Type::$post_title in /var/www/html/apex/wp-includes/class-wp-query.php on line 4581
[02-Mar-2026 22:05:30 UTC] PHP Warning:  Undefined property: WP_Post_Type::$post_name in /var/www/html/apex/wp-includes/class-wp-query.php on line 4583
[02-Mar-2026 22:05:30 UTC] PHP Warning:  Undefined property: WP_Post_Type::$ID in /var/www/html/apex/wp-includes/class-wp-query.php on line 4579
[02-Mar-2026 22:05:30 UTC] PHP Warning:  Undefined property: WP_Post_Type::$post_title in /var/www/html/apex/wp-includes/class-wp-query.php on line 4581
[02-Mar-2026 22:05:30 UTC] PHP Warning:  Undefined property: WP_Post_Type::$post_name in /var/www/html/apex/wp-includes/class-wp-query.php on line 4583
[02-Mar-2026 22:07:28 UTC] PHP Warning:  Undefined property: WP_Post_Type::$ID in /var/www/html/apex/wp-includes/class-wp-query.php on line 4579
[02-Mar-2026 22:07:28 UTC] PHP Warning:  Undefined property: WP_Post_Type::$post_title in /var/www/html/apex/wp-includes/class-wp-query.php on line 4581
[02-Mar-2026 22:07:28 UTC] PHP Warning:  Undefined property: WP_Post_Type::$post_name in /var/www/html/apex/wp-includes/class-wp-query.php on line 4583
[02-Mar-2026 22:07:28 UTC] PHP Warning:  Undefined property: WP_Post_Type::$ID in /var/www/html/apex/wp-includes/class-wp-query.php on line 4579
[02-Mar-2026 22:07:28 UTC] PHP Warning:  Undefined property: WP_Post_Type::$post_title in /var/www/html/apex/wp-includes/class-wp-query.php on line 4581
[02-Mar-2026 22:07:28 UTC] PHP Warning:  Undefined property: WP_Post_Type::$post_name in /var/www/html/apex/wp-includes/class-wp-query.php on line 4583
[02-Mar-2026 22:07:46 UTC] Apex Newsletter AJAX: Processing newsletter subscription from business@waguramaurice.com
[02-Mar-2026 22:07:46 UTC] Apex Newsletter AJAX: Attempting to send notification email
[02-Mar-2026 22:07:46 UTC] Apex Direct Email: Attempting to send email to info@apex-softwares.com
[02-Mar-2026 22:07:51 UTC] Apex Direct Email: Email sent successfully
[02-Mar-2026 22:07:51 UTC] Apex Newsletter AJAX: Notification email sending result: SUCCESS
[02-Mar-2026 22:07:51 UTC] Apex Newsletter AJAX: Notification email sent successfully
[02-Mar-2026 22:11:22 UTC] Apex Newsletter AJAX: Processing newsletter subscription from business@waguramaurice.com
[02-Mar-2026 22:11:22 UTC] Apex Newsletter AJAX: Attempting to send notification email
[02-Mar-2026 22:11:22 UTC] Apex Direct Email: Attempting to send email to info@apex-softwares.com
[02-Mar-2026 22:11:26 UTC] Apex Direct Email: Email sent successfully
[02-Mar-2026 22:11:26 UTC] Apex Newsletter AJAX: Notification email sending result: SUCCESS
[02-Mar-2026 22:11:26 UTC] Apex Newsletter AJAX: Notification email sent successfully
[02-Mar-2026 22:11:36 UTC] PHP Warning:  Undefined property: WP_Post_Type::$ID in /var/www/html/apex/wp-includes/class-wp-query.php on line 4579
[02-Mar-2026 22:11:36 UTC] PHP Warning:  Undefined property: WP_Post_Type::$post_title in /var/www/html/apex/wp-includes/class-wp-query.php on line 4581
[02-Mar-2026 22:11:36 UTC] PHP Warning:  Undefined property: WP_Post_Type::$post_name in /var/www/html/apex/wp-includes/class-wp-query.php on line 4583
[02-Mar-2026 22:11:36 UTC] PHP Warning:  Undefined property: WP_Post_Type::$ID in /var/www/html/apex/wp-includes/class-wp-query.php on line 4579
[02-Mar-2026 22:11:36 UTC] PHP Warning:  Undefined property: WP_Post_Type::$post_title in /var/www/html/apex/wp-includes/class-wp-query.php on line 4581
[02-Mar-2026 22:11:36 UTC] PHP Warning:  Undefined property: WP_Post_Type::$post_name in /var/www/html/apex/wp-includes/class-wp-query.php on line 4583
[02-Mar-2026 22:11:48 UTC] Apex Newsletter AJAX: Processing newsletter subscription from wagura465@gmail.com
[02-Mar-2026 22:11:48 UTC] Apex Newsletter AJAX: Attempting to send notification email
[02-Mar-2026 22:11:48 UTC] Apex Direct Email: Attempting to send email to info@apex-softwares.com
[02-Mar-2026 22:11:53 UTC] Apex Direct Email: Email sent successfully
[02-Mar-2026 22:11:53 UTC] Apex Newsletter AJAX: Notification email sending result: SUCCESS
[02-Mar-2026 22:11:53 UTC] Apex Newsletter AJAX: Notification email sent successfully
[02-Mar-2026 22:12:13 UTC] Apex Newsletter AJAX: Processing newsletter subscription from business@waguramaurice.com
[02-Mar-2026 22:12:13 UTC] Apex Newsletter AJAX: Attempting to send notification email
[02-Mar-2026 22:12:13 UTC] Apex Direct Email: Attempting to send email to info@apex-softwares.com
[02-Mar-2026 22:12:18 UTC] Apex Direct Email: Email sent successfully
[02-Mar-2026 22:12:18 UTC] Apex Newsletter AJAX: Notification email sending result: SUCCESS
[02-Mar-2026 22:12:18 UTC] Apex Newsletter AJAX: Notification email sent successfully
[02-Mar-2026 22:12:30 UTC] Apex Newsletter AJAX: Processing newsletter subscription from business@waguramaurice.com
[02-Mar-2026 22:12:30 UTC] Apex Newsletter AJAX: Attempting to send notification email
[02-Mar-2026 22:12:30 UTC] Apex Direct Email: Attempting to send email to info@apex-softwares.com
[02-Mar-2026 22:12:34 UTC] Apex Direct Email: Email sent successfully
[02-Mar-2026 22:12:34 UTC] Apex Newsletter AJAX: Notification email sending result: SUCCESS
[02-Mar-2026 22:12:34 UTC] Apex Newsletter AJAX: Notification email sent successfully
[02-Mar-2026 22:12:38 UTC] Apex Newsletter AJAX: Processing newsletter subscription from business@waguramaurice.com
[02-Mar-2026 22:12:38 UTC] Apex Newsletter AJAX: Attempting to send notification email
[02-Mar-2026 22:12:38 UTC] Apex Direct Email: Attempting to send email to info@apex-softwares.com
[02-Mar-2026 22:12:42 UTC] Apex Direct Email: Email sent successfully
[02-Mar-2026 22:12:42 UTC] Apex Newsletter AJAX: Notification email sending result: SUCCESS
[02-Mar-2026 22:12:42 UTC] Apex Newsletter AJAX: Notification email sent successfully
[02-Mar-2026 22:13:07 UTC] Apex Contact Form: Contact page accessed - Method: GET
[02-Mar-2026 22:13:07 UTC] Apex Contact Form: POST data: Array
(
)

[02-Mar-2026 22:22:25 UTC] Apex Newsletter AJAX: Processing newsletter subscription from business@waguramaurice.com
[02-Mar-2026 22:22:25 UTC] Apex Newsletter AJAX: Attempting to send notification email
[02-Mar-2026 22:22:25 UTC] Apex Direct Email: Attempting to send email to info@apex-softwares.com
[02-Mar-2026 22:22:29 UTC] Apex Direct Email: Email sent successfully
[02-Mar-2026 22:22:29 UTC] Apex Newsletter AJAX: Notification email sending result: SUCCESS
[02-Mar-2026 22:22:29 UTC] Apex Newsletter AJAX: Notification email sent successfully
[02-Mar-2026 22:48:50 UTC] PHP Warning:  Undefined array key "REQUEST_METHOD" in /var/www/html/apex/wp-content/themes/apex-theme/functions.php on line 2331
[02-Mar-2026 22:48:50 UTC] PHP Warning:  Undefined array key "REQUEST_METHOD" in /var/www/html/apex/wp-content/themes/apex-theme/functions.php on line 2253
[02-Mar-2026 22:58:34 UTC] PHP Warning:  Undefined property: WP_Post_Type::$ID in /var/www/html/apex/wp-includes/class-wp-query.php on line 4579
[02-Mar-2026 22:58:34 UTC] PHP Warning:  Undefined property: WP_Post_Type::$post_title in /var/www/html/apex/wp-includes/class-wp-query.php on line 4581
[02-Mar-2026 22:58:34 UTC] PHP Warning:  Undefined property: WP_Post_Type::$post_name in /var/www/html/apex/wp-includes/class-wp-query.php on line 4583
[02-Mar-2026 22:58:34 UTC] PHP Warning:  Undefined property: WP_Post_Type::$ID in /var/www/html/apex/wp-includes/class-wp-query.php on line 4579
[02-Mar-2026 22:58:34 UTC] PHP Warning:  Undefined property: WP_Post_Type::$post_title in /var/www/html/apex/wp-includes/class-wp-query.php on line 4581
[02-Mar-2026 22:58:34 UTC] PHP Warning:  Undefined property: WP_Post_Type::$post_name in /var/www/html/apex/wp-includes/class-wp-query.php on line 4583
[03-Mar-2026 00:17:52 UTC] PHP Warning:  Undefined property: WP_Post_Type::$ID in /var/www/html/apex/wp-includes/class-wp-query.php on line 4579
[03-Mar-2026 00:17:52 UTC] PHP Warning:  Undefined property: WP_Post_Type::$post_title in /var/www/html/apex/wp-includes/class-wp-query.php on line 4581
[03-Mar-2026 00:17:52 UTC] PHP Warning:  Undefined property: WP_Post_Type::$post_name in /var/www/html/apex/wp-includes/class-wp-query.php on line 4583
[03-Mar-2026 00:17:52 UTC] PHP Warning:  Undefined property: WP_Post_Type::$ID in /var/www/html/apex/wp-includes/class-wp-query.php on line 4579
[03-Mar-2026 00:17:52 UTC] PHP Warning:  Undefined property: WP_Post_Type::$post_title in /var/www/html/apex/wp-includes/class-wp-query.php on line 4581
[03-Mar-2026 00:17:52 UTC] PHP Warning:  Undefined property: WP_Post_Type::$post_name in /var/www/html/apex/wp-includes/class-wp-query.php on line 4583
[03-Mar-2026 00:50:30 UTC] PHP Warning:  Undefined property: WP_Post_Type::$ID in /var/www/html/apex/wp-includes/class-wp-query.php on line 4579
[03-Mar-2026 00:50:30 UTC] PHP Warning:  Undefined property: WP_Post_Type::$post_title in /var/www/html/apex/wp-includes/class-wp-query.php on line 4581
[03-Mar-2026 00:50:30 UTC] PHP Warning:  Undefined property: WP_Post_Type::$post_name in /var/www/html/apex/wp-includes/class-wp-query.php on line 4583
[03-Mar-2026 00:50:30 UTC] PHP Warning:  Undefined property: WP_Post_Type::$ID in /var/www/html/apex/wp-includes/class-wp-query.php on line 4579
[03-Mar-2026 00:50:30 UTC] PHP Warning:  Undefined property: WP_Post_Type::$post_title in /var/www/html/apex/wp-includes/class-wp-query.php on line 4581
[03-Mar-2026 00:50:30 UTC] PHP Warning:  Undefined property: WP_Post_Type::$post_name in /var/www/html/apex/wp-includes/class-wp-query.php on line 4583
[03-Mar-2026 01:02:38 UTC] PHP Warning:  Undefined property: WP_Post_Type::$ID in /var/www/html/apex/wp-includes/class-wp-query.php on line 4579
[03-Mar-2026 01:02:38 UTC] PHP Warning:  Undefined property: WP_Post_Type::$post_title in /var/www/html/apex/wp-includes/class-wp-query.php on line 4581
[03-Mar-2026 01:02:38 UTC] PHP Warning:  Undefined property: WP_Post_Type::$post_name in /var/www/html/apex/wp-includes/class-wp-query.php on line 4583
[03-Mar-2026 01:02:38 UTC] PHP Warning:  Undefined property: WP_Post_Type::$ID in /var/www/html/apex/wp-includes/class-wp-query.php on line 4579
[03-Mar-2026 01:02:38 UTC] PHP Warning:  Undefined property: WP_Post_Type::$post_title in /var/www/html/apex/wp-includes/class-wp-query.php on line 4581
[03-Mar-2026 01:02:38 UTC] PHP Warning:  Undefined property: WP_Post_Type::$post_name in /var/www/html/apex/wp-includes/class-wp-query.php on line 4583
[04-Mar-2026 16:04:54 UTC] Automatic updates starting...
[04-Mar-2026 16:04:58 UTC] Automatic updates complete.
[04-Mar-2026 16:05:40 UTC] PHP Warning:  Undefined property: WP_Post_Type::$ID in /var/www/html/apex/wp-includes/class-wp-query.php on line 4579
[04-Mar-2026 16:05:40 UTC] PHP Warning:  Undefined property: WP_Post_Type::$post_title in /var/www/html/apex/wp-includes/class-wp-query.php on line 4581
[04-Mar-2026 16:05:40 UTC] PHP Warning:  Undefined property: WP_Post_Type::$post_name in /var/www/html/apex/wp-includes/class-wp-query.php on line 4583
[04-Mar-2026 16:05:40 UTC] PHP Warning:  Undefined property: WP_Post_Type::$ID in /var/www/html/apex/wp-includes/class-wp-query.php on line 4579
[04-Mar-2026 16:05:40 UTC] PHP Warning:  Undefined property: WP_Post_Type::$post_title in /var/www/html/apex/wp-includes/class-wp-query.php on line 4581
[04-Mar-2026 16:05:40 UTC] PHP Warning:  Undefined property: WP_Post_Type::$post_name in /var/www/html/apex/wp-includes/class-wp-query.php on line 4583
[04-Mar-2026 21:30:26 UTC] Automatic updates starting...
[04-Mar-2026 21:30:28 UTC] Automatic updates complete.
[05-Mar-2026 07:48:52 UTC] Apex Mailtrap: Applying SMTP configuration
[05-Mar-2026 07:48:52 UTC] Apex Mailtrap: SMTP configuration applied - Host: sandbox.smtp.mailtrap.io, Port: 2525, Secure: 
[05-Mar-2026 07:48:59 UTC] Apex Mailtrap SMTP Debug [2]: SERVER -> CLIENT: 220 smtp.mailtrap.io ESMTP ready

[05-Mar-2026 07:48:59 UTC] Apex Mailtrap SMTP Debug [1]: CLIENT -> SERVER: EHLO apex.devops

[05-Mar-2026 07:48:59 UTC] Apex Mailtrap SMTP Debug [2]: SERVER -> CLIENT: 250-smtp.mailtrap.io
250-SIZE 5242880
250-PIPELINING
250-ENHANCEDSTATUSCODES
250-8BITMIME
250-DSN
250-AUTH PLAIN LOGIN CRAM-MD5
250 STARTTLS

[05-Mar-2026 07:48:59 UTC] Apex Mailtrap SMTP Debug [1]: CLIENT -> SERVER: STARTTLS

[05-Mar-2026 07:48:59 UTC] Apex Mailtrap SMTP Debug [2]: SERVER -> CLIENT: 220 2.0.0 Start TLS

[05-Mar-2026 07:49:00 UTC] Apex Mailtrap SMTP Debug [1]: CLIENT -> SERVER: EHLO apex.devops

[05-Mar-2026 07:49:01 UTC] Apex Mailtrap SMTP Debug [2]: SERVER -> CLIENT: 250-smtp.mailtrap.io
250-SIZE 5242880
250-PIPELINING
250-ENHANCEDSTATUSCODES
250-8BITMIME
250-DSN
250 AUTH PLAIN LOGIN CRAM-MD5

[05-Mar-2026 07:49:01 UTC] Apex Mailtrap SMTP Debug [1]: CLIENT -> SERVER: AUTH CRAM-MD5

[05-Mar-2026 07:49:01 UTC] Apex Mailtrap SMTP Debug [2]: SERVER -> CLIENT: 334 PDIxMjkwMzEyODkuMTc3MjY5Njk0MUBzbXRwLm1haWx0cmFwLmlvPg==

[05-Mar-2026 07:49:01 UTC] Apex Mailtrap SMTP Debug [1]: CLIENT -> SERVER: [credentials hidden]
[05-Mar-2026 07:49:02 UTC] Apex Mailtrap SMTP Debug [2]: SERVER -> CLIENT: 235 2.0.0 OK

[05-Mar-2026 07:49:02 UTC] Apex Mailtrap SMTP Debug [1]: CLIENT -> SERVER: MAIL FROM:<wordpress@apex.devops>

[05-Mar-2026 07:49:02 UTC] Apex Mailtrap SMTP Debug [2]: SERVER -> CLIENT: 250 2.1.0 Ok

[05-Mar-2026 07:49:02 UTC] Apex Mailtrap SMTP Debug [1]: CLIENT -> SERVER: RCPT TO:<administrator@apex-softwares.com>

[05-Mar-2026 07:49:03 UTC] Apex Mailtrap SMTP Debug [2]: SERVER -> CLIENT: 250 2.1.0 Ok

[05-Mar-2026 07:49:03 UTC] Apex Mailtrap SMTP Debug [1]: CLIENT -> SERVER: DATA

[05-Mar-2026 07:49:03 UTC] Apex Mailtrap SMTP Debug [2]: SERVER -> CLIENT: 354 Go ahead

[05-Mar-2026 07:49:03 UTC] Apex Mailtrap SMTP Debug [1]: CLIENT -> SERVER: Date: Thu, 5 Mar 2026 07:48:52 +0000

[05-Mar-2026 07:49:03 UTC] Apex Mailtrap SMTP Debug [1]: CLIENT -> SERVER: To: administrator@apex-softwares.com

[05-Mar-2026 07:49:03 UTC] Apex Mailtrap SMTP Debug [1]: CLIENT -> SERVER: From: WordPress <wordpress@apex.devops>

[05-Mar-2026 07:49:03 UTC] Apex Mailtrap SMTP Debug [1]: CLIENT -> SERVER: Subject: [Apex Banking Software] Please moderate: "6 Ways AI will Dominate the Banking and Fintech Industries"

[05-Mar-2026 07:49:03 UTC] Apex Mailtrap SMTP Debug [1]: CLIENT -> SERVER: Message-ID: <NLCML0hCoXpBjGxhR0CqSqMm0Vr6tnnCvaQVPvRe8@apex.devops>

[05-Mar-2026 07:49:03 UTC] Apex Mailtrap SMTP Debug [1]: CLIENT -> SERVER: X-Mailer: PHPMailer 7.0.0 (https://github.com/PHPMailer/PHPMailer)

[05-Mar-2026 07:49:03 UTC] Apex Mailtrap SMTP Debug [1]: CLIENT -> SERVER: MIME-Version: 1.0

[05-Mar-2026 07:49:03 UTC] Apex Mailtrap SMTP Debug [1]: CLIENT -> SERVER: Content-Type: text/plain; charset=UTF-8

[05-Mar-2026 07:49:03 UTC] Apex Mailtrap SMTP Debug [1]: CLIENT -> SERVER: 

[05-Mar-2026 07:49:03 UTC] Apex Mailtrap SMTP Debug [1]: CLIENT -> SERVER: A new comment on the post "6 Ways AI will Dominate the Banking and Fintech Industries" is waiting for your approval

[05-Mar-2026 07:49:03 UTC] Apex Mailtrap SMTP Debug [1]: CLIENT -> SERVER: http://apex.devops/insights/blog/6-ways-ai-will-dominate-the-banking-and-fintech-industries/

[05-Mar-2026 07:49:03 UTC] Apex Mailtrap SMTP Debug [1]: CLIENT -> SERVER: 

[05-Mar-2026 07:49:03 UTC] Apex Mailtrap SMTP Debug [1]: CLIENT -> SERVER: Author: Rana Mcgee (IP address: 127.0.0.1, localhost)

[05-Mar-2026 07:49:03 UTC] Apex Mailtrap SMTP Debug [1]: CLIENT -> SERVER: Email: pokul@mailinator.com

[05-Mar-2026 07:49:03 UTC] Apex Mailtrap SMTP Debug [1]: CLIENT -> SERVER: URL: https://www.xajoko.cc

[05-Mar-2026 07:49:03 UTC] Apex Mailtrap SMTP Debug [1]: CLIENT -> SERVER: Comment: 

[05-Mar-2026 07:49:03 UTC] Apex Mailtrap SMTP Debug [1]: CLIENT -> SERVER: Lorem Ipsum is simply dummy text of the printing and typesetting industry. Lorem Ipsum has been the industry's standard dummy text ever since the 1500s, when an unknown printer took a galley of type and scrambled it to make a type specimen book. It has survived not only five centuries, but also the leap into electronic typesetting, remaining essentially unchanged. It was popularised in the 1960s with the release of Letraset sheets containing Lorem Ipsum passages, and more recently with desktop publishing software like Aldus PageMaker including versions of Lorem Ipsum.

[05-Mar-2026 07:49:03 UTC] Apex Mailtrap SMTP Debug [1]: CLIENT -> SERVER: 

[05-Mar-2026 07:49:03 UTC] Apex Mailtrap SMTP Debug [1]: CLIENT -> SERVER: Approve it: http://apex.devops/wp-admin/comment.php?action=approve&c=17#wpbody-content

[05-Mar-2026 07:49:03 UTC] Apex Mailtrap SMTP Debug [1]: CLIENT -> SERVER: Trash it: http://apex.devops/wp-admin/comment.php?action=trash&c=17#wpbody-content

[05-Mar-2026 07:49:03 UTC] Apex Mailtrap SMTP Debug [1]: CLIENT -> SERVER: Spam it: http://apex.devops/wp-admin/comment.php?action=spam&c=17#wpbody-content

[05-Mar-2026 07:49:03 UTC] Apex Mailtrap SMTP Debug [1]: CLIENT -> SERVER: Currently 2 comments are waiting for approval. Please visit the moderation panel:

[05-Mar-2026 07:49:03 UTC] Apex Mailtrap SMTP Debug [1]: CLIENT -> SERVER: http://apex.devops/wp-admin/edit-comments.php?comment_status=moderated#wpbody-content

[05-Mar-2026 07:49:03 UTC] Apex Mailtrap SMTP Debug [1]: CLIENT -> SERVER: 

[05-Mar-2026 07:49:03 UTC] Apex Mailtrap SMTP Debug [1]: CLIENT -> SERVER: .

[05-Mar-2026 07:49:04 UTC] Apex Mailtrap SMTP Debug [2]: SERVER -> CLIENT: 250 2.0.0 Ok: queued

[05-Mar-2026 07:49:04 UTC] Apex Mailtrap SMTP Debug [1]: CLIENT -> SERVER: QUIT

[05-Mar-2026 07:49:04 UTC] Apex Mailtrap SMTP Debug [2]: SERVER -> CLIENT: 221 2.0.0 Bye

[05-Mar-2026 07:49:48 UTC] Apex Contact Form: Contact page accessed - Method: GET
[05-Mar-2026 07:49:48 UTC] Apex Contact Form: POST data: Array
(
)

[05-Mar-2026 07:51:08 UTC] PHP Warning:  Undefined property: WP_Post_Type::$ID in /var/www/html/apex/wp-includes/class-wp-query.php on line 4579
[05-Mar-2026 07:51:08 UTC] PHP Warning:  Undefined property: WP_Post_Type::$post_title in /var/www/html/apex/wp-includes/class-wp-query.php on line 4581
[05-Mar-2026 07:51:08 UTC] PHP Warning:  Undefined property: WP_Post_Type::$post_name in /var/www/html/apex/wp-includes/class-wp-query.php on line 4583
[05-Mar-2026 07:51:08 UTC] PHP Warning:  Undefined property: WP_Post_Type::$ID in /var/www/html/apex/wp-includes/class-wp-query.php on line 4579
[05-Mar-2026 07:51:08 UTC] PHP Warning:  Undefined property: WP_Post_Type::$post_title in /var/www/html/apex/wp-includes/class-wp-query.php on line 4581
[05-Mar-2026 07:51:08 UTC] PHP Warning:  Undefined property: WP_Post_Type::$post_name in /var/www/html/apex/wp-includes/class-wp-query.php on line 4583
[05-Mar-2026 07:54:08 UTC] PHP Warning:  Undefined property: WP_Post_Type::$ID in /var/www/html/apex/wp-includes/class-wp-query.php on line 4579
[05-Mar-2026 07:54:08 UTC] PHP Warning:  Undefined property: WP_Post_Type::$post_title in /var/www/html/apex/wp-includes/class-wp-query.php on line 4581
[05-Mar-2026 07:54:08 UTC] PHP Warning:  Undefined property: WP_Post_Type::$post_name in /var/www/html/apex/wp-includes/class-wp-query.php on line 4583
[05-Mar-2026 07:54:08 UTC] PHP Warning:  Undefined property: WP_Post_Type::$ID in /var/www/html/apex/wp-includes/class-wp-query.php on line 4579
[05-Mar-2026 07:54:08 UTC] PHP Warning:  Undefined property: WP_Post_Type::$post_title in /var/www/html/apex/wp-includes/class-wp-query.php on line 4581
[05-Mar-2026 07:54:08 UTC] PHP Warning:  Undefined property: WP_Post_Type::$post_name in /var/www/html/apex/wp-includes/class-wp-query.php on line 4583
[05-Mar-2026 08:06:16 UTC] PHP Warning:  Undefined property: WP_Post_Type::$ID in /var/www/html/apex/wp-includes/class-wp-query.php on line 4579
[05-Mar-2026 08:06:16 UTC] PHP Warning:  Undefined property: WP_Post_Type::$post_title in /var/www/html/apex/wp-includes/class-wp-query.php on line 4581
[05-Mar-2026 08:06:16 UTC] PHP Warning:  Undefined property: WP_Post_Type::$post_name in /var/www/html/apex/wp-includes/class-wp-query.php on line 4583
[05-Mar-2026 08:06:16 UTC] PHP Warning:  Undefined property: WP_Post_Type::$ID in /var/www/html/apex/wp-includes/class-wp-query.php on line 4579
[05-Mar-2026 08:06:16 UTC] PHP Warning:  Undefined property: WP_Post_Type::$post_title in /var/www/html/apex/wp-includes/class-wp-query.php on line 4581
[05-Mar-2026 08:06:16 UTC] PHP Warning:  Undefined property: WP_Post_Type::$post_name in /var/www/html/apex/wp-includes/class-wp-query.php on line 4583
[05-Mar-2026 08:06:27 UTC] Apex Newsletter AJAX: Processing newsletter subscription from wagura465@gmail.com
[05-Mar-2026 08:06:27 UTC] Apex Newsletter AJAX: Attempting to send notification email
[05-Mar-2026 08:06:27 UTC] Apex Direct Email: Attempting to send email to info@apex-softwares.com
[05-Mar-2026 08:06:38 UTC] Apex Direct Email: Email sent successfully
[05-Mar-2026 08:06:38 UTC] Apex Newsletter AJAX: Notification email sending result: SUCCESS
[05-Mar-2026 08:06:38 UTC] Apex Newsletter AJAX: Notification email sent successfully
[05-Mar-2026 08:12:29 UTC] Apex Demo Request AJAX: Processing from Griffith Shepard <fepokih@mailinator.com>
[05-Mar-2026 08:12:29 UTC] Apex Direct Email: Attempting to send email to info@apex-softwares.com
[05-Mar-2026 08:12:34 UTC] Apex Direct Email: Email sent successfully
[05-Mar-2026 08:12:34 UTC] Apex Demo Request AJAX: Email sending result: SUCCESS
[05-Mar-2026 08:13:31 UTC] Apex Contact Form: Contact page accessed - Method: GET
[05-Mar-2026 08:13:31 UTC] Apex Contact Form: POST data: Array
(
)

[05-Mar-2026 08:13:38 UTC] Apex Contact Form: Contact page accessed - Method: POST
[05-Mar-2026 08:13:38 UTC] Apex Contact Form: POST data: Array
(
    [first_name] => Blake
    [last_name] => Pitts
    [email] => lalurud@mailinator.com
    [phone] => +1 (282) 326-2893
    [company] => Cole and Ross Inc
    [institution_type] => government
    [interest] => partnership
    [message] => Natus aut qui sit co
    [consent] => on
    [apex_contact_nonce] => b2bc93cb27
)

[05-Mar-2026 08:13:38 UTC] Apex Contact Form: Form submission detected - PROCESSING
[05-Mar-2026 08:13:38 UTC] Apex Contact Form: Processing submission from Blake Pitts <lalurud@mailinator.com>
[05-Mar-2026 08:13:38 UTC] Apex Contact Form: Attempting to send email via direct PHPMailer
[05-Mar-2026 08:13:38 UTC] Apex Direct Email: Attempting to send email to info@apex-softwares.com
[05-Mar-2026 08:13:43 UTC] Apex Direct Email: Email sent successfully
[05-Mar-2026 08:13:43 UTC] Apex Contact Form: Direct email sending result: SUCCESS
[05-Mar-2026 08:13:43 UTC] Apex Contact Form: Email sent successfully
[05-Mar-2026 08:13:43 UTC] Apex Contact Form: Contact page accessed - Method: GET
[05-Mar-2026 08:13:43 UTC] Apex Contact Form: POST data: Array
(
)

[05-Mar-2026 16:46:06 UTC] Automatic updates starting...
[05-Mar-2026 16:46:10 UTC] Automatic updates complete.
[05-Mar-2026 16:47:35 UTC] Apex Contact Form: Contact page accessed - Method: GET
[05-Mar-2026 16:47:35 UTC] Apex Contact Form: POST data: Array
(
)

